mode: set
pancakaki/internal/repository/admin/admin_repository_impl.go:13.53,17.2 1 1
pancakaki/internal/repository/admin/admin_repository_impl.go:19.82,21.16 2 1
pancakaki/internal/repository/admin/admin_repository_impl.go:21.16,23.3 1 1
pancakaki/internal/repository/admin/admin_repository_impl.go:24.2,27.16 3 1
pancakaki/internal/repository/admin/admin_repository_impl.go:27.16,29.3 1 1
pancakaki/internal/repository/admin/admin_repository_impl.go:31.2,31.19 1 1
pancakaki/internal/repository/admin/admin_repository_impl.go:34.65,37.16 3 1
pancakaki/internal/repository/admin/admin_repository_impl.go:37.16,39.3 1 1
pancakaki/internal/repository/admin/admin_repository_impl.go:40.2,42.18 2 1
pancakaki/internal/repository/admin/admin_repository_impl.go:42.18,45.17 3 1
pancakaki/internal/repository/admin/admin_repository_impl.go:45.17,47.4 1 0
pancakaki/internal/repository/admin/admin_repository_impl.go:48.3,48.33 1 1
pancakaki/internal/repository/admin/admin_repository_impl.go:51.2,51.20 1 1
pancakaki/internal/repository/admin/admin_repository_impl.go:54.88,57.16 3 1
pancakaki/internal/repository/admin/admin_repository_impl.go:57.16,59.3 1 0
pancakaki/internal/repository/admin/admin_repository_impl.go:60.2,64.26 4 1
pancakaki/internal/repository/admin/admin_repository_impl.go:64.26,66.3 1 0
pancakaki/internal/repository/admin/admin_repository_impl.go:66.8,66.23 1 1
pancakaki/internal/repository/admin/admin_repository_impl.go:66.23,68.3 1 1
pancakaki/internal/repository/admin/admin_repository_impl.go:70.2,70.20 1 1
pancakaki/internal/repository/admin/admin_repository_impl.go:73.82,75.16 2 1
pancakaki/internal/repository/admin/admin_repository_impl.go:75.16,77.3 1 1
pancakaki/internal/repository/admin/admin_repository_impl.go:78.2,81.16 3 1
pancakaki/internal/repository/admin/admin_repository_impl.go:81.16,83.3 1 0
pancakaki/internal/repository/admin/admin_repository_impl.go:85.2,85.19 1 1
pancakaki/internal/repository/admin/admin_repository_impl.go:88.57,90.16 2 1
pancakaki/internal/repository/admin/admin_repository_impl.go:90.16,92.3 1 1
pancakaki/internal/repository/admin/admin_repository_impl.go:93.2,96.16 3 1
pancakaki/internal/repository/admin/admin_repository_impl.go:96.16,98.3 1 0
pancakaki/internal/repository/admin/admin_repository_impl.go:100.2,100.12 1 1
