mode: set
pancakaki/internal/repository/membership/membership_repository_impl.go:12.63,16.2 1 1
pancakaki/internal/repository/membership/membership_repository_impl.go:18.102,21.16 2 1
pancakaki/internal/repository/membership/membership_repository_impl.go:21.16,23.3 1 1
pancakaki/internal/repository/membership/membership_repository_impl.go:24.2,27.16 3 1
pancakaki/internal/repository/membership/membership_repository_impl.go:27.16,29.3 1 1
pancakaki/internal/repository/membership/membership_repository_impl.go:31.2,31.24 1 1
pancakaki/internal/repository/membership/membership_repository_impl.go:34.75,37.16 3 1
pancakaki/internal/repository/membership/membership_repository_impl.go:37.16,39.3 1 1
pancakaki/internal/repository/membership/membership_repository_impl.go:40.2,42.18 2 1
pancakaki/internal/repository/membership/membership_repository_impl.go:42.18,45.17 3 1
pancakaki/internal/repository/membership/membership_repository_impl.go:45.17,47.4 1 0
pancakaki/internal/repository/membership/membership_repository_impl.go:48.3,48.54 1 1
pancakaki/internal/repository/membership/membership_repository_impl.go:51.2,51.28 1 1
pancakaki/internal/repository/membership/membership_repository_impl.go:54.81,57.16 3 1
pancakaki/internal/repository/membership/membership_repository_impl.go:57.16,59.3 1 0
pancakaki/internal/repository/membership/membership_repository_impl.go:60.2,64.16 4 1
pancakaki/internal/repository/membership/membership_repository_impl.go:64.16,66.3 1 0
pancakaki/internal/repository/membership/membership_repository_impl.go:68.2,68.25 1 1
pancakaki/internal/repository/membership/membership_repository_impl.go:71.102,73.16 2 1
pancakaki/internal/repository/membership/membership_repository_impl.go:73.16,75.3 1 0
pancakaki/internal/repository/membership/membership_repository_impl.go:76.2,79.16 3 1
pancakaki/internal/repository/membership/membership_repository_impl.go:79.16,81.3 1 0
pancakaki/internal/repository/membership/membership_repository_impl.go:83.2,83.24 1 1
pancakaki/internal/repository/membership/membership_repository_impl.go:86.67,88.16 2 1
pancakaki/internal/repository/membership/membership_repository_impl.go:88.16,90.3 1 1
pancakaki/internal/repository/membership/membership_repository_impl.go:91.2,94.16 3 1
pancakaki/internal/repository/membership/membership_repository_impl.go:94.16,96.3 1 0
pancakaki/internal/repository/membership/membership_repository_impl.go:98.2,98.12 1 1
