mode: set
pancakaki/internal/repository/admin/admin_repository_impl.go:13.53,17.2 1 1
pancakaki/internal/repository/admin/admin_repository_impl.go:19.82,21.16 2 1
pancakaki/internal/repository/admin/admin_repository_impl.go:21.16,23.3 1 1
pancakaki/internal/repository/admin/admin_repository_impl.go:24.2,27.16 3 1
pancakaki/internal/repository/admin/admin_repository_impl.go:27.16,29.3 1 1
pancakaki/internal/repository/admin/admin_repository_impl.go:31.2,31.19 1 1
pancakaki/internal/repository/admin/admin_repository_impl.go:34.65,37.16 3 1
pancakaki/internal/repository/admin/admin_repository_impl.go:37.16,39.3 1 1
pancakaki/internal/repository/admin/admin_repository_impl.go:40.2,42.18 2 1
pancakaki/internal/repository/admin/admin_repository_impl.go:42.18,45.17 3 1
pancakaki/internal/repository/admin/admin_repository_impl.go:45.17,47.4 1 0
pancakaki/internal/repository/admin/admin_repository_impl.go:48.3,48.33 1 1
pancakaki/internal/repository/admin/admin_repository_impl.go:51.2,51.20 1 1
pancakaki/internal/repository/admin/admin_repository_impl.go:54.88,57.16 3 1
pancakaki/internal/repository/admin/admin_repository_impl.go:57.16,59.3 1 0
pancakaki/internal/repository/admin/admin_repository_impl.go:60.2,64.26 4 1
pancakaki/internal/repository/admin/admin_repository_impl.go:64.26,66.3 1 0
pancakaki/internal/repository/admin/admin_repository_impl.go:66.8,66.23 1 1
pancakaki/internal/repository/admin/admin_repository_impl.go:66.23,68.3 1 1
pancakaki/internal/repository/admin/admin_repository_impl.go:70.2,70.20 1 1
pancakaki/internal/repository/admin/admin_repository_impl.go:73.82,75.16 2 1
pancakaki/internal/repository/admin/admin_repository_impl.go:75.16,77.3 1 1
pancakaki/internal/repository/admin/admin_repository_impl.go:78.2,81.16 3 1
pancakaki/internal/repository/admin/admin_repository_impl.go:81.16,83.3 1 0
pancakaki/internal/repository/admin/admin_repository_impl.go:85.2,85.19 1 1
pancakaki/internal/repository/admin/admin_repository_impl.go:88.57,90.16 2 1
pancakaki/internal/repository/admin/admin_repository_impl.go:90.16,92.3 1 1
pancakaki/internal/repository/admin/admin_repository_impl.go:93.2,96.16 3 1
pancakaki/internal/repository/admin/admin_repository_impl.go:96.16,98.3 1 0
pancakaki/internal/repository/admin/admin_repository_impl.go:100.2,100.12 1 1
pancakaki/internal/repository/bank/bank_repository_impl.go:12.51,16.2 1 1
pancakaki/internal/repository/bank/bank_repository_impl.go:18.78,21.16 2 1
pancakaki/internal/repository/bank/bank_repository_impl.go:21.16,23.3 1 1
pancakaki/internal/repository/bank/bank_repository_impl.go:24.2,27.16 3 1
pancakaki/internal/repository/bank/bank_repository_impl.go:27.16,29.3 1 1
pancakaki/internal/repository/bank/bank_repository_impl.go:31.2,31.18 1 1
pancakaki/internal/repository/bank/bank_repository_impl.go:34.102,36.16 2 0
pancakaki/internal/repository/bank/bank_repository_impl.go:36.16,38.3 1 0
pancakaki/internal/repository/bank/bank_repository_impl.go:39.2,42.16 3 0
pancakaki/internal/repository/bank/bank_repository_impl.go:42.16,44.3 1 0
pancakaki/internal/repository/bank/bank_repository_impl.go:46.2,46.23 1 0
pancakaki/internal/repository/bank/bank_repository_impl.go:49.63,53.16 3 1
pancakaki/internal/repository/bank/bank_repository_impl.go:53.16,55.3 1 1
pancakaki/internal/repository/bank/bank_repository_impl.go:56.2,58.18 2 1
pancakaki/internal/repository/bank/bank_repository_impl.go:58.18,61.17 3 1
pancakaki/internal/repository/bank/bank_repository_impl.go:61.17,63.4 1 0
pancakaki/internal/repository/bank/bank_repository_impl.go:64.3,64.36 1 1
pancakaki/internal/repository/bank/bank_repository_impl.go:67.2,67.22 1 1
pancakaki/internal/repository/bank/bank_repository_impl.go:70.78,73.16 2 1
pancakaki/internal/repository/bank/bank_repository_impl.go:73.16,75.3 1 1
pancakaki/internal/repository/bank/bank_repository_impl.go:76.2,79.16 3 0
pancakaki/internal/repository/bank/bank_repository_impl.go:79.16,81.3 1 0
pancakaki/internal/repository/bank/bank_repository_impl.go:83.2,83.18 1 0
pancakaki/internal/repository/bank/bank_repository_impl.go:86.55,88.16 2 1
pancakaki/internal/repository/bank/bank_repository_impl.go:88.16,90.3 1 1
pancakaki/internal/repository/bank/bank_repository_impl.go:91.2,94.16 3 1
pancakaki/internal/repository/bank/bank_repository_impl.go:94.16,96.3 1 0
pancakaki/internal/repository/bank/bank_repository_impl.go:98.2,98.12 1 1
pancakaki/internal/repository/bank_store/bank_store_repository.go:23.82,28.26 3 1
pancakaki/internal/repository/bank_store/bank_store_repository.go:28.26,30.3 1 0
pancakaki/internal/repository/bank_store/bank_store_repository.go:30.8,30.23 1 1
pancakaki/internal/repository/bank_store/bank_store_repository.go:30.23,32.3 1 0
pancakaki/internal/repository/bank_store/bank_store_repository.go:33.2,34.18 2 1
pancakaki/internal/repository/bank_store/bank_store_repository.go:34.18,37.17 3 1
pancakaki/internal/repository/bank_store/bank_store_repository.go:37.17,39.4 1 0
pancakaki/internal/repository/bank_store/bank_store_repository.go:40.3,40.30 1 1
pancakaki/internal/repository/bank_store/bank_store_repository.go:43.2,43.19 1 1
pancakaki/internal/repository/bank_store/bank_store_repository.go:46.87,51.26 3 0
pancakaki/internal/repository/bank_store/bank_store_repository.go:51.26,53.3 1 0
pancakaki/internal/repository/bank_store/bank_store_repository.go:53.8,53.23 1 0
pancakaki/internal/repository/bank_store/bank_store_repository.go:53.23,55.3 1 0
pancakaki/internal/repository/bank_store/bank_store_repository.go:56.2,57.18 2 0
pancakaki/internal/repository/bank_store/bank_store_repository.go:57.18,60.17 3 0
pancakaki/internal/repository/bank_store/bank_store_repository.go:60.17,62.4 1 0
pancakaki/internal/repository/bank_store/bank_store_repository.go:63.3,63.30 1 0
pancakaki/internal/repository/bank_store/bank_store_repository.go:66.2,66.19 1 0
pancakaki/internal/repository/bank_store/bank_store_repository.go:69.101,71.16 2 1
pancakaki/internal/repository/bank_store/bank_store_repository.go:71.16,73.3 1 1
pancakaki/internal/repository/bank_store/bank_store_repository.go:74.2,78.21 4 0
pancakaki/internal/repository/bank_store/bank_store_repository.go:81.121,83.16 2 1
pancakaki/internal/repository/bank_store/bank_store_repository.go:83.16,85.3 1 1
pancakaki/internal/repository/bank_store/bank_store_repository.go:86.2,90.26 4 1
pancakaki/internal/repository/bank_store/bank_store_repository.go:93.109,95.16 2 1
pancakaki/internal/repository/bank_store/bank_store_repository.go:95.16,97.3 1 1
pancakaki/internal/repository/bank_store/bank_store_repository.go:98.2,103.24 4 1
pancakaki/internal/repository/bank_store/bank_store_repository.go:106.71,108.16 2 1
pancakaki/internal/repository/bank_store/bank_store_repository.go:108.16,110.3 1 1
pancakaki/internal/repository/bank_store/bank_store_repository.go:111.2,116.12 4 1
pancakaki/internal/repository/bank_store/bank_store_repository.go:119.81,121.16 2 1
pancakaki/internal/repository/bank_store/bank_store_repository.go:121.16,123.3 1 0
pancakaki/internal/repository/bank_store/bank_store_repository.go:124.2,129.12 4 1
pancakaki/internal/repository/bank_store/bank_store_repository.go:132.58,133.16 1 1
pancakaki/internal/repository/bank_store/bank_store_repository.go:133.16,136.3 2 0
pancakaki/internal/repository/bank_store/bank_store_repository.go:136.8,138.3 1 1
pancakaki/internal/repository/bank_store/bank_store_repository.go:141.61,143.2 1 1
pancakaki/internal/repository/chart/chart_repository_impl.go:12.53,16.2 1 1
pancakaki/internal/repository/chart/chart_repository_impl.go:18.82,20.16 2 1
pancakaki/internal/repository/chart/chart_repository_impl.go:20.16,22.3 1 1
pancakaki/internal/repository/chart/chart_repository_impl.go:24.2,26.16 3 1
pancakaki/internal/repository/chart/chart_repository_impl.go:26.16,28.3 1 1
pancakaki/internal/repository/chart/chart_repository_impl.go:30.2,30.19 1 1
pancakaki/internal/repository/chart/chart_repository_impl.go:33.79,36.16 3 1
pancakaki/internal/repository/chart/chart_repository_impl.go:36.16,38.3 1 1
pancakaki/internal/repository/chart/chart_repository_impl.go:39.2,41.18 2 1
pancakaki/internal/repository/chart/chart_repository_impl.go:41.18,44.17 3 1
pancakaki/internal/repository/chart/chart_repository_impl.go:44.17,46.4 1 0
pancakaki/internal/repository/chart/chart_repository_impl.go:47.3,47.39 1 1
pancakaki/internal/repository/chart/chart_repository_impl.go:50.2,50.23 1 1
pancakaki/internal/repository/chart/chart_repository_impl.go:53.71,56.16 3 1
pancakaki/internal/repository/chart/chart_repository_impl.go:56.16,58.3 1 0
pancakaki/internal/repository/chart/chart_repository_impl.go:59.2,63.16 4 1
pancakaki/internal/repository/chart/chart_repository_impl.go:63.16,65.3 1 0
pancakaki/internal/repository/chart/chart_repository_impl.go:67.2,67.20 1 1
pancakaki/internal/repository/chart/chart_repository_impl.go:70.82,72.16 2 1
pancakaki/internal/repository/chart/chart_repository_impl.go:72.16,74.3 1 0
pancakaki/internal/repository/chart/chart_repository_impl.go:75.2,78.16 3 1
pancakaki/internal/repository/chart/chart_repository_impl.go:78.16,80.3 1 0
pancakaki/internal/repository/chart/chart_repository_impl.go:82.2,82.19 1 1
pancakaki/internal/repository/chart/chart_repository_impl.go:85.57,87.16 2 1
pancakaki/internal/repository/chart/chart_repository_impl.go:87.16,89.3 1 1
pancakaki/internal/repository/chart/chart_repository_impl.go:90.2,93.16 3 1
pancakaki/internal/repository/chart/chart_repository_impl.go:93.16,95.3 1 0
pancakaki/internal/repository/chart/chart_repository_impl.go:97.2,97.12 1 1
pancakaki/internal/repository/customer/customer_repository_impl.go:13.59,17.2 1 1
pancakaki/internal/repository/customer/customer_repository_impl.go:19.94,21.16 2 1
pancakaki/internal/repository/customer/customer_repository_impl.go:21.16,23.3 1 1
pancakaki/internal/repository/customer/customer_repository_impl.go:24.2,27.16 3 1
pancakaki/internal/repository/customer/customer_repository_impl.go:27.16,29.3 1 1
pancakaki/internal/repository/customer/customer_repository_impl.go:31.2,31.22 1 1
pancakaki/internal/repository/customer/customer_repository_impl.go:34.71,37.16 3 1
pancakaki/internal/repository/customer/customer_repository_impl.go:37.16,39.3 1 1
pancakaki/internal/repository/customer/customer_repository_impl.go:40.2,42.18 2 1
pancakaki/internal/repository/customer/customer_repository_impl.go:42.18,45.17 3 1
pancakaki/internal/repository/customer/customer_repository_impl.go:45.17,47.4 1 0
pancakaki/internal/repository/customer/customer_repository_impl.go:48.3,48.42 1 1
pancakaki/internal/repository/customer/customer_repository_impl.go:51.2,51.23 1 1
pancakaki/internal/repository/customer/customer_repository_impl.go:54.130,57.16 3 1
pancakaki/internal/repository/customer/customer_repository_impl.go:57.16,59.3 1 0
pancakaki/internal/repository/customer/customer_repository_impl.go:60.2,63.26 4 1
pancakaki/internal/repository/customer/customer_repository_impl.go:63.26,65.3 1 0
pancakaki/internal/repository/customer/customer_repository_impl.go:65.8,65.23 1 1
pancakaki/internal/repository/customer/customer_repository_impl.go:65.23,67.3 1 0
pancakaki/internal/repository/customer/customer_repository_impl.go:68.2,68.23 1 1
pancakaki/internal/repository/customer/customer_repository_impl.go:71.94,73.16 2 1
pancakaki/internal/repository/customer/customer_repository_impl.go:73.16,75.3 1 0
pancakaki/internal/repository/customer/customer_repository_impl.go:76.2,79.16 3 1
pancakaki/internal/repository/customer/customer_repository_impl.go:79.16,81.3 1 0
pancakaki/internal/repository/customer/customer_repository_impl.go:83.2,83.22 1 1
pancakaki/internal/repository/customer/customer_repository_impl.go:86.63,88.16 2 1
pancakaki/internal/repository/customer/customer_repository_impl.go:88.16,90.3 1 1
pancakaki/internal/repository/customer/customer_repository_impl.go:91.2,94.16 3 0
pancakaki/internal/repository/customer/customer_repository_impl.go:94.16,96.3 1 0
pancakaki/internal/repository/customer/customer_repository_impl.go:98.2,98.12 1 0
pancakaki/internal/repository/customer/customer_repository_impl.go:101.132,116.16 3 0
pancakaki/internal/repository/customer/customer_repository_impl.go:116.16,118.3 1 0
pancakaki/internal/repository/customer/customer_repository_impl.go:120.2,122.18 2 0
pancakaki/internal/repository/customer/customer_repository_impl.go:122.18,137.17 3 0
pancakaki/internal/repository/customer/customer_repository_impl.go:137.17,139.4 1 0
pancakaki/internal/repository/customer/customer_repository_impl.go:140.3,140.42 1 0
pancakaki/internal/repository/customer/customer_repository_impl.go:143.2,143.34 1 0
pancakaki/internal/repository/customer/customer_repository_impl.go:143.34,145.3 1 0
pancakaki/internal/repository/customer/customer_repository_impl.go:147.2,147.23 1 0
pancakaki/internal/repository/membership/membership_repository_impl.go:12.63,16.2 1 1
pancakaki/internal/repository/membership/membership_repository_impl.go:18.102,21.16 2 1
pancakaki/internal/repository/membership/membership_repository_impl.go:21.16,23.3 1 1
pancakaki/internal/repository/membership/membership_repository_impl.go:24.2,27.16 3 1
pancakaki/internal/repository/membership/membership_repository_impl.go:27.16,29.3 1 1
pancakaki/internal/repository/membership/membership_repository_impl.go:31.2,31.24 1 1
pancakaki/internal/repository/membership/membership_repository_impl.go:34.75,37.16 3 1
pancakaki/internal/repository/membership/membership_repository_impl.go:37.16,39.3 1 1
pancakaki/internal/repository/membership/membership_repository_impl.go:40.2,42.18 2 1
pancakaki/internal/repository/membership/membership_repository_impl.go:42.18,45.17 3 1
pancakaki/internal/repository/membership/membership_repository_impl.go:45.17,47.4 1 0
pancakaki/internal/repository/membership/membership_repository_impl.go:48.3,48.54 1 1
pancakaki/internal/repository/membership/membership_repository_impl.go:51.2,51.28 1 1
pancakaki/internal/repository/membership/membership_repository_impl.go:54.81,57.16 3 1
pancakaki/internal/repository/membership/membership_repository_impl.go:57.16,59.3 1 0
pancakaki/internal/repository/membership/membership_repository_impl.go:60.2,64.16 4 1
pancakaki/internal/repository/membership/membership_repository_impl.go:64.16,66.3 1 0
pancakaki/internal/repository/membership/membership_repository_impl.go:68.2,68.25 1 1
pancakaki/internal/repository/membership/membership_repository_impl.go:71.102,73.16 2 1
pancakaki/internal/repository/membership/membership_repository_impl.go:73.16,75.3 1 0
pancakaki/internal/repository/membership/membership_repository_impl.go:76.2,79.16 3 1
pancakaki/internal/repository/membership/membership_repository_impl.go:79.16,81.3 1 0
pancakaki/internal/repository/membership/membership_repository_impl.go:83.2,83.24 1 1
pancakaki/internal/repository/membership/membership_repository_impl.go:86.67,88.16 2 1
pancakaki/internal/repository/membership/membership_repository_impl.go:88.16,90.3 1 1
pancakaki/internal/repository/membership/membership_repository_impl.go:91.2,94.16 3 1
pancakaki/internal/repository/membership/membership_repository_impl.go:94.16,96.3 1 0
pancakaki/internal/repository/membership/membership_repository_impl.go:98.2,98.12 1 1
pancakaki/internal/repository/merk/merk_repository.go:23.71,25.16 2 1
pancakaki/internal/repository/merk/merk_repository.go:25.16,27.3 1 1
pancakaki/internal/repository/merk/merk_repository.go:28.2,31.16 3 1
pancakaki/internal/repository/merk/merk_repository.go:31.16,33.3 1 0
pancakaki/internal/repository/merk/merk_repository.go:35.2,35.12 1 1
pancakaki/internal/repository/merk/merk_repository.go:39.66,42.16 3 1
pancakaki/internal/repository/merk/merk_repository.go:42.16,44.3 1 1
pancakaki/internal/repository/merk/merk_repository.go:45.2,47.18 2 1
pancakaki/internal/repository/merk/merk_repository.go:47.18,50.17 3 1
pancakaki/internal/repository/merk/merk_repository.go:50.17,52.4 1 0
pancakaki/internal/repository/merk/merk_repository.go:53.3,53.30 1 1
pancakaki/internal/repository/merk/merk_repository.go:56.2,56.19 1 1
pancakaki/internal/repository/merk/merk_repository.go:60.72,63.16 3 1
pancakaki/internal/repository/merk/merk_repository.go:63.16,65.3 1 1
pancakaki/internal/repository/merk/merk_repository.go:66.2,69.26 3 1
pancakaki/internal/repository/merk/merk_repository.go:69.26,71.3 1 0
pancakaki/internal/repository/merk/merk_repository.go:71.8,71.23 1 1
pancakaki/internal/repository/merk/merk_repository.go:71.23,73.3 1 1
pancakaki/internal/repository/merk/merk_repository.go:75.2,75.19 1 1
pancakaki/internal/repository/merk/merk_repository.go:79.79,82.16 3 1
pancakaki/internal/repository/merk/merk_repository.go:82.16,84.3 1 1
pancakaki/internal/repository/merk/merk_repository.go:85.2,88.26 3 1
pancakaki/internal/repository/merk/merk_repository.go:88.26,90.3 1 0
pancakaki/internal/repository/merk/merk_repository.go:90.8,90.23 1 1
pancakaki/internal/repository/merk/merk_repository.go:90.23,92.3 1 1
pancakaki/internal/repository/merk/merk_repository.go:94.2,94.19 1 1
pancakaki/internal/repository/merk/merk_repository.go:98.84,101.16 2 1
pancakaki/internal/repository/merk/merk_repository.go:101.16,103.3 1 1
pancakaki/internal/repository/merk/merk_repository.go:104.2,108.16 3 1
pancakaki/internal/repository/merk/merk_repository.go:108.16,110.3 1 1
pancakaki/internal/repository/merk/merk_repository.go:112.2,112.21 1 1
pancakaki/internal/repository/merk/merk_repository.go:116.87,118.16 2 1
pancakaki/internal/repository/merk/merk_repository.go:118.16,120.3 1 1
pancakaki/internal/repository/merk/merk_repository.go:121.2,124.16 3 1
pancakaki/internal/repository/merk/merk_repository.go:124.16,126.3 1 0
pancakaki/internal/repository/merk/merk_repository.go:128.2,128.24 1 1
pancakaki/internal/repository/merk/merk_repository.go:131.51,133.2 1 1
