mode: set
pancakaki/internal/repository/bank_store/bank_store_repository.go:23.82,28.26 3 1
pancakaki/internal/repository/bank_store/bank_store_repository.go:28.26,30.3 1 0
pancakaki/internal/repository/bank_store/bank_store_repository.go:30.8,30.23 1 1
pancakaki/internal/repository/bank_store/bank_store_repository.go:30.23,32.3 1 0
pancakaki/internal/repository/bank_store/bank_store_repository.go:33.2,34.18 2 1
pancakaki/internal/repository/bank_store/bank_store_repository.go:34.18,37.17 3 1
pancakaki/internal/repository/bank_store/bank_store_repository.go:37.17,39.4 1 0
pancakaki/internal/repository/bank_store/bank_store_repository.go:40.3,40.30 1 1
pancakaki/internal/repository/bank_store/bank_store_repository.go:43.2,43.19 1 1
pancakaki/internal/repository/bank_store/bank_store_repository.go:46.87,51.26 3 0
pancakaki/internal/repository/bank_store/bank_store_repository.go:51.26,53.3 1 0
pancakaki/internal/repository/bank_store/bank_store_repository.go:53.8,53.23 1 0
pancakaki/internal/repository/bank_store/bank_store_repository.go:53.23,55.3 1 0
pancakaki/internal/repository/bank_store/bank_store_repository.go:56.2,57.18 2 0
pancakaki/internal/repository/bank_store/bank_store_repository.go:57.18,60.17 3 0
pancakaki/internal/repository/bank_store/bank_store_repository.go:60.17,62.4 1 0
pancakaki/internal/repository/bank_store/bank_store_repository.go:63.3,63.30 1 0
pancakaki/internal/repository/bank_store/bank_store_repository.go:66.2,66.19 1 0
pancakaki/internal/repository/bank_store/bank_store_repository.go:69.101,71.16 2 1
pancakaki/internal/repository/bank_store/bank_store_repository.go:71.16,73.3 1 1
pancakaki/internal/repository/bank_store/bank_store_repository.go:74.2,78.21 4 0
pancakaki/internal/repository/bank_store/bank_store_repository.go:81.121,83.16 2 1
pancakaki/internal/repository/bank_store/bank_store_repository.go:83.16,85.3 1 1
pancakaki/internal/repository/bank_store/bank_store_repository.go:86.2,90.26 4 1
pancakaki/internal/repository/bank_store/bank_store_repository.go:93.109,95.16 2 1
pancakaki/internal/repository/bank_store/bank_store_repository.go:95.16,97.3 1 1
pancakaki/internal/repository/bank_store/bank_store_repository.go:98.2,103.24 4 1
pancakaki/internal/repository/bank_store/bank_store_repository.go:106.71,108.16 2 1
pancakaki/internal/repository/bank_store/bank_store_repository.go:108.16,110.3 1 1
pancakaki/internal/repository/bank_store/bank_store_repository.go:111.2,116.12 4 1
pancakaki/internal/repository/bank_store/bank_store_repository.go:119.81,121.16 2 1
pancakaki/internal/repository/bank_store/bank_store_repository.go:121.16,123.3 1 0
pancakaki/internal/repository/bank_store/bank_store_repository.go:124.2,129.12 4 1
pancakaki/internal/repository/bank_store/bank_store_repository.go:132.58,133.16 1 1
pancakaki/internal/repository/bank_store/bank_store_repository.go:133.16,136.3 2 0
pancakaki/internal/repository/bank_store/bank_store_repository.go:136.8,138.3 1 1
pancakaki/internal/repository/bank_store/bank_store_repository.go:141.61,143.2 1 1
