mode: set
pancakaki/internal/repository/chart/chart_repository_impl.go:12.53,16.2 1 1
pancakaki/internal/repository/chart/chart_repository_impl.go:18.82,20.16 2 1
pancakaki/internal/repository/chart/chart_repository_impl.go:20.16,22.3 1 1
pancakaki/internal/repository/chart/chart_repository_impl.go:24.2,26.16 3 1
pancakaki/internal/repository/chart/chart_repository_impl.go:26.16,28.3 1 1
pancakaki/internal/repository/chart/chart_repository_impl.go:30.2,30.19 1 1
pancakaki/internal/repository/chart/chart_repository_impl.go:33.79,36.16 3 1
pancakaki/internal/repository/chart/chart_repository_impl.go:36.16,38.3 1 1
pancakaki/internal/repository/chart/chart_repository_impl.go:39.2,41.18 2 1
pancakaki/internal/repository/chart/chart_repository_impl.go:41.18,44.17 3 1
pancakaki/internal/repository/chart/chart_repository_impl.go:44.17,46.4 1 0
pancakaki/internal/repository/chart/chart_repository_impl.go:47.3,47.39 1 1
pancakaki/internal/repository/chart/chart_repository_impl.go:50.2,50.23 1 1
pancakaki/internal/repository/chart/chart_repository_impl.go:53.71,56.16 3 1
pancakaki/internal/repository/chart/chart_repository_impl.go:56.16,58.3 1 0
pancakaki/internal/repository/chart/chart_repository_impl.go:59.2,63.16 4 1
pancakaki/internal/repository/chart/chart_repository_impl.go:63.16,65.3 1 1
pancakaki/internal/repository/chart/chart_repository_impl.go:67.2,67.20 1 1
pancakaki/internal/repository/chart/chart_repository_impl.go:70.82,72.16 2 1
pancakaki/internal/repository/chart/chart_repository_impl.go:72.16,74.3 1 0
pancakaki/internal/repository/chart/chart_repository_impl.go:75.2,78.16 3 1
pancakaki/internal/repository/chart/chart_repository_impl.go:78.16,80.3 1 0
pancakaki/internal/repository/chart/chart_repository_impl.go:82.2,82.19 1 1
pancakaki/internal/repository/chart/chart_repository_impl.go:85.57,87.16 2 1
pancakaki/internal/repository/chart/chart_repository_impl.go:87.16,89.3 1 1
pancakaki/internal/repository/chart/chart_repository_impl.go:90.2,93.16 3 1
pancakaki/internal/repository/chart/chart_repository_impl.go:93.16,95.3 1 0
pancakaki/internal/repository/chart/chart_repository_impl.go:97.2,97.12 1 1
