mode: set
pancakaki/internal/repository/bank/bank_repository_impl.go:12.51,16.2 1 1
pancakaki/internal/repository/bank/bank_repository_impl.go:18.78,21.16 2 1
pancakaki/internal/repository/bank/bank_repository_impl.go:21.16,23.3 1 1
pancakaki/internal/repository/bank/bank_repository_impl.go:24.2,27.16 3 1
pancakaki/internal/repository/bank/bank_repository_impl.go:27.16,29.3 1 1
pancakaki/internal/repository/bank/bank_repository_impl.go:31.2,31.18 1 1
pancakaki/internal/repository/bank/bank_repository_impl.go:34.102,36.16 2 0
pancakaki/internal/repository/bank/bank_repository_impl.go:36.16,38.3 1 0
pancakaki/internal/repository/bank/bank_repository_impl.go:39.2,42.16 3 0
pancakaki/internal/repository/bank/bank_repository_impl.go:42.16,44.3 1 0
pancakaki/internal/repository/bank/bank_repository_impl.go:46.2,46.23 1 0
pancakaki/internal/repository/bank/bank_repository_impl.go:49.63,53.16 3 1
pancakaki/internal/repository/bank/bank_repository_impl.go:53.16,55.3 1 1
pancakaki/internal/repository/bank/bank_repository_impl.go:56.2,58.18 2 1
pancakaki/internal/repository/bank/bank_repository_impl.go:58.18,61.17 3 1
pancakaki/internal/repository/bank/bank_repository_impl.go:61.17,63.4 1 0
pancakaki/internal/repository/bank/bank_repository_impl.go:64.3,64.36 1 1
pancakaki/internal/repository/bank/bank_repository_impl.go:67.2,67.22 1 1
pancakaki/internal/repository/bank/bank_repository_impl.go:70.78,73.16 2 1
pancakaki/internal/repository/bank/bank_repository_impl.go:73.16,75.3 1 1
pancakaki/internal/repository/bank/bank_repository_impl.go:76.2,79.16 3 0
pancakaki/internal/repository/bank/bank_repository_impl.go:79.16,81.3 1 0
pancakaki/internal/repository/bank/bank_repository_impl.go:83.2,83.18 1 0
pancakaki/internal/repository/bank/bank_repository_impl.go:86.55,88.16 2 1
pancakaki/internal/repository/bank/bank_repository_impl.go:88.16,90.3 1 1
pancakaki/internal/repository/bank/bank_repository_impl.go:91.2,94.16 3 1
pancakaki/internal/repository/bank/bank_repository_impl.go:94.16,96.3 1 0
pancakaki/internal/repository/bank/bank_repository_impl.go:98.2,98.12 1 1
