mode: set
pancakaki/internal/repository/merk/merk_repository.go:23.71,25.16 2 1
pancakaki/internal/repository/merk/merk_repository.go:25.16,27.3 1 1
pancakaki/internal/repository/merk/merk_repository.go:28.2,31.16 3 1
pancakaki/internal/repository/merk/merk_repository.go:31.16,33.3 1 0
pancakaki/internal/repository/merk/merk_repository.go:35.2,35.12 1 1
pancakaki/internal/repository/merk/merk_repository.go:39.66,42.16 3 1
pancakaki/internal/repository/merk/merk_repository.go:42.16,44.3 1 1
pancakaki/internal/repository/merk/merk_repository.go:45.2,47.18 2 1
pancakaki/internal/repository/merk/merk_repository.go:47.18,50.17 3 1
pancakaki/internal/repository/merk/merk_repository.go:50.17,52.4 1 0
pancakaki/internal/repository/merk/merk_repository.go:53.3,53.30 1 1
pancakaki/internal/repository/merk/merk_repository.go:56.2,56.19 1 1
pancakaki/internal/repository/merk/merk_repository.go:60.72,63.16 3 1
pancakaki/internal/repository/merk/merk_repository.go:63.16,65.3 1 1
pancakaki/internal/repository/merk/merk_repository.go:66.2,69.26 3 1
pancakaki/internal/repository/merk/merk_repository.go:69.26,71.3 1 0
pancakaki/internal/repository/merk/merk_repository.go:71.8,71.23 1 1
pancakaki/internal/repository/merk/merk_repository.go:71.23,73.3 1 1
pancakaki/internal/repository/merk/merk_repository.go:75.2,75.19 1 1
pancakaki/internal/repository/merk/merk_repository.go:79.79,82.16 3 1
pancakaki/internal/repository/merk/merk_repository.go:82.16,84.3 1 1
pancakaki/internal/repository/merk/merk_repository.go:85.2,88.26 3 1
pancakaki/internal/repository/merk/merk_repository.go:88.26,90.3 1 0
pancakaki/internal/repository/merk/merk_repository.go:90.8,90.23 1 1
pancakaki/internal/repository/merk/merk_repository.go:90.23,92.3 1 1
pancakaki/internal/repository/merk/merk_repository.go:94.2,94.19 1 1
pancakaki/internal/repository/merk/merk_repository.go:98.84,101.16 2 1
pancakaki/internal/repository/merk/merk_repository.go:101.16,103.3 1 1
pancakaki/internal/repository/merk/merk_repository.go:104.2,108.16 3 1
pancakaki/internal/repository/merk/merk_repository.go:108.16,110.3 1 1
pancakaki/internal/repository/merk/merk_repository.go:112.2,112.21 1 1
pancakaki/internal/repository/merk/merk_repository.go:116.87,118.16 2 1
pancakaki/internal/repository/merk/merk_repository.go:118.16,120.3 1 1
pancakaki/internal/repository/merk/merk_repository.go:121.2,124.16 3 1
pancakaki/internal/repository/merk/merk_repository.go:124.16,126.3 1 0
pancakaki/internal/repository/merk/merk_repository.go:128.2,128.24 1 1
pancakaki/internal/repository/merk/merk_repository.go:131.51,133.2 1 1
