mode: set
pancakaki/internal/repository/customer/customer_repository_impl.go:14.59,18.2 1 1
pancakaki/internal/repository/customer/customer_repository_impl.go:20.94,22.16 2 1
pancakaki/internal/repository/customer/customer_repository_impl.go:22.16,24.3 1 1
pancakaki/internal/repository/customer/customer_repository_impl.go:25.2,28.16 3 1
pancakaki/internal/repository/customer/customer_repository_impl.go:28.16,30.3 1 1
pancakaki/internal/repository/customer/customer_repository_impl.go:32.2,32.22 1 1
pancakaki/internal/repository/customer/customer_repository_impl.go:35.71,38.16 3 1
pancakaki/internal/repository/customer/customer_repository_impl.go:38.16,40.3 1 1
pancakaki/internal/repository/customer/customer_repository_impl.go:41.2,43.18 2 1
pancakaki/internal/repository/customer/customer_repository_impl.go:43.18,46.17 3 1
pancakaki/internal/repository/customer/customer_repository_impl.go:46.17,48.4 1 0
pancakaki/internal/repository/customer/customer_repository_impl.go:49.3,49.42 1 1
pancakaki/internal/repository/customer/customer_repository_impl.go:52.2,52.23 1 1
pancakaki/internal/repository/customer/customer_repository_impl.go:55.130,58.16 3 1
pancakaki/internal/repository/customer/customer_repository_impl.go:58.16,60.3 1 0
pancakaki/internal/repository/customer/customer_repository_impl.go:61.2,64.26 4 1
pancakaki/internal/repository/customer/customer_repository_impl.go:64.26,66.3 1 0
pancakaki/internal/repository/customer/customer_repository_impl.go:66.8,66.23 1 1
pancakaki/internal/repository/customer/customer_repository_impl.go:66.23,68.3 1 0
pancakaki/internal/repository/customer/customer_repository_impl.go:69.2,69.23 1 1
pancakaki/internal/repository/customer/customer_repository_impl.go:72.94,74.16 2 1
pancakaki/internal/repository/customer/customer_repository_impl.go:74.16,76.3 1 0
pancakaki/internal/repository/customer/customer_repository_impl.go:77.2,80.16 3 1
pancakaki/internal/repository/customer/customer_repository_impl.go:80.16,82.3 1 0
pancakaki/internal/repository/customer/customer_repository_impl.go:84.2,84.22 1 1
pancakaki/internal/repository/customer/customer_repository_impl.go:87.63,89.16 2 1
pancakaki/internal/repository/customer/customer_repository_impl.go:89.16,91.3 1 1
pancakaki/internal/repository/customer/customer_repository_impl.go:92.2,95.16 3 0
pancakaki/internal/repository/customer/customer_repository_impl.go:95.16,97.3 1 0
pancakaki/internal/repository/customer/customer_repository_impl.go:99.2,99.12 1 0
pancakaki/internal/repository/customer/customer_repository_impl.go:102.132,120.18 5 0
pancakaki/internal/repository/customer/customer_repository_impl.go:120.18,135.17 3 0
pancakaki/internal/repository/customer/customer_repository_impl.go:135.17,137.4 1 0
pancakaki/internal/repository/customer/customer_repository_impl.go:138.3,138.42 1 0
pancakaki/internal/repository/customer/customer_repository_impl.go:141.2,141.34 1 0
pancakaki/internal/repository/customer/customer_repository_impl.go:141.34,143.3 1 0
pancakaki/internal/repository/customer/customer_repository_impl.go:145.2,145.23 1 0
