mode: set
pancakaki/internal/repository/customer/customer_repository_impl.go:13.59,17.2 1 1
pancakaki/internal/repository/customer/customer_repository_impl.go:19.94,21.16 2 1
pancakaki/internal/repository/customer/customer_repository_impl.go:21.16,23.3 1 1
pancakaki/internal/repository/customer/customer_repository_impl.go:24.2,27.16 3 1
pancakaki/internal/repository/customer/customer_repository_impl.go:27.16,29.3 1 1
pancakaki/internal/repository/customer/customer_repository_impl.go:31.2,31.22 1 1
pancakaki/internal/repository/customer/customer_repository_impl.go:34.71,37.16 3 1
pancakaki/internal/repository/customer/customer_repository_impl.go:37.16,39.3 1 1
pancakaki/internal/repository/customer/customer_repository_impl.go:40.2,42.18 2 1
pancakaki/internal/repository/customer/customer_repository_impl.go:42.18,45.17 3 1
pancakaki/internal/repository/customer/customer_repository_impl.go:45.17,47.4 1 0
pancakaki/internal/repository/customer/customer_repository_impl.go:48.3,48.42 1 1
pancakaki/internal/repository/customer/customer_repository_impl.go:51.2,51.23 1 1
pancakaki/internal/repository/customer/customer_repository_impl.go:54.130,57.16 3 1
pancakaki/internal/repository/customer/customer_repository_impl.go:57.16,59.3 1 0
pancakaki/internal/repository/customer/customer_repository_impl.go:60.2,63.26 4 1
pancakaki/internal/repository/customer/customer_repository_impl.go:63.26,65.3 1 0
pancakaki/internal/repository/customer/customer_repository_impl.go:65.8,65.23 1 1
pancakaki/internal/repository/customer/customer_repository_impl.go:65.23,67.3 1 0
pancakaki/internal/repository/customer/customer_repository_impl.go:68.2,68.23 1 1
pancakaki/internal/repository/customer/customer_repository_impl.go:71.94,73.16 2 1
pancakaki/internal/repository/customer/customer_repository_impl.go:73.16,75.3 1 0
pancakaki/internal/repository/customer/customer_repository_impl.go:76.2,79.16 3 1
pancakaki/internal/repository/customer/customer_repository_impl.go:79.16,81.3 1 0
pancakaki/internal/repository/customer/customer_repository_impl.go:83.2,83.22 1 1
pancakaki/internal/repository/customer/customer_repository_impl.go:86.63,88.16 2 1
pancakaki/internal/repository/customer/customer_repository_impl.go:88.16,90.3 1 1
pancakaki/internal/repository/customer/customer_repository_impl.go:91.2,94.16 3 0
pancakaki/internal/repository/customer/customer_repository_impl.go:94.16,96.3 1 0
pancakaki/internal/repository/customer/customer_repository_impl.go:98.2,98.12 1 0
pancakaki/internal/repository/customer/customer_repository_impl.go:101.132,116.16 3 0
pancakaki/internal/repository/customer/customer_repository_impl.go:116.16,118.3 1 0
pancakaki/internal/repository/customer/customer_repository_impl.go:120.2,122.18 2 0
pancakaki/internal/repository/customer/customer_repository_impl.go:122.18,137.17 3 0
pancakaki/internal/repository/customer/customer_repository_impl.go:137.17,139.4 1 0
pancakaki/internal/repository/customer/customer_repository_impl.go:140.3,140.42 1 0
pancakaki/internal/repository/customer/customer_repository_impl.go:143.2,143.34 1 0
pancakaki/internal/repository/customer/customer_repository_impl.go:143.34,145.3 1 0
pancakaki/internal/repository/customer/customer_repository_impl.go:147.2,147.23 1 0
